<?xml version="1.0" encoding="UTF-8"?>
<testsuite name="demonqa.TestDemonQa" tests="1" skipped="0" failures="0" errors="0" timestamp="2022-08-04T22:05:09" hostname="5CD8030F9F" time="139.983">
  <properties/>
  <testcase name="registerUser()" classname="demonqa.TestDemonQa" time="139.983"/>
  <system-out><![CDATA[]]></system-out>
  <system-err><![CDATA[SLF4J: Failed to load class "org.slf4j.impl.StaticLoggerBinder".
SLF4J: Defaulting to no-operation (NOP) logger implementation
SLF4J: See http://www.slf4j.org/codes.html#StaticLoggerBinder for further details.
Starting ChromeDriver 103.0.5060.134 (8ec6fce403b3feb0869b0732eda8bd95011d333c-refs/branch-heads/5060@{#1262}) on port 50878
Only local connections are allowed.
Please see https://chromedriver.chromium.org/security-considerations for suggestions on keeping ChromeDriver safe.
ChromeDriver was started successfully.
авг. 05, 2022 1:05:12 AM org.openqa.selenium.remote.ProtocolHandshake createSession
INFO: Detected upstream dialect: W3C
авг. 05, 2022 1:05:12 AM org.openqa.selenium.devtools.CdpVersionFinder findNearestMatch
INFO: Found exact CDP implementation for version 103
]]></system-err>
</testsuite>
